2022-03-03 15:14:56,828 - movie_logger - INFO - 가상 브라우저 실행...
2022-03-03 15:14:57,136 - movie_logger - INFO - 네이버 영화 랭킹 1페이지 이동 실행...
2022-03-03 15:14:57,155 - movie_logger - INFO - 1-클라우스 영화 제목 클릭... :
2022-03-03 15:14:58,014 - movie_logger - INFO - 영화 평점 클릭...
2022-03-03 15:14:58,032 - movie_logger - INFO - 영화 제목 수집 : 클라우스
2022-03-03 15:14:58,050 - movie_logger - INFO - iframe으로 전환
2022-03-03 15:14:58,084 - movie_logger - INFO - 1,클라우스
2022-03-03 15:14:58,113 - movie_logger - INFO - 2,클라우스
2022-03-03 15:14:58,141 - movie_logger - INFO - 3,클라우스
2022-03-03 15:14:58,168 - movie_logger - INFO - 4,클라우스
2022-03-03 15:14:58,195 - movie_logger - INFO - 5,클라우스
2022-03-03 15:14:58,225 - movie_logger - INFO - 6,클라우스
2022-03-03 15:14:58,256 - movie_logger - INFO - 7,클라우스
2022-03-03 15:14:58,286 - movie_logger - INFO - 8,클라우스
2022-03-03 15:14:58,326 - movie_logger - INFO - 9,클라우스
2022-03-03 15:14:58,368 - movie_logger - INFO - 10,클라우스
2022-03-03 15:14:58,510 - movie_logger - INFO - 다음 페이지 클릭
2022-03-03 15:14:58,552 - movie_logger - INFO - 11,클라우스
2022-03-03 15:14:58,583 - movie_logger - INFO - 12,클라우스
2022-03-03 15:14:58,612 - movie_logger - INFO - 13,클라우스
2022-03-03 15:14:58,642 - movie_logger - INFO - 14,클라우스
2022-03-03 15:14:58,673 - movie_logger - INFO - 15,클라우스
2022-03-03 15:14:58,702 - movie_logger - INFO - 16,클라우스
2022-03-03 15:14:58,730 - movie_logger - INFO - 17,클라우스
2022-03-03 15:14:58,761 - movie_logger - INFO - 18,클라우스
2022-03-03 15:14:58,792 - movie_logger - INFO - 19,클라우스
2022-03-03 15:14:58,824 - movie_logger - INFO - 20,클라우스
2022-03-03 15:14:58,967 - movie_logger - INFO - 다음 페이지 클릭
2022-03-03 15:14:59,004 - movie_logger - INFO - 21,클라우스
2022-03-03 15:14:59,033 - movie_logger - INFO - 22,클라우스
2022-03-03 15:14:59,066 - movie_logger - INFO - 23,클라우스
2022-03-03 15:14:59,095 - movie_logger - INFO - 24,클라우스
2022-03-03 15:14:59,127 - movie_logger - INFO - 25,클라우스
2022-03-03 15:14:59,158 - movie_logger - INFO - 26,클라우스
2022-03-03 15:14:59,188 - movie_logger - INFO - 27,클라우스
2022-03-03 15:14:59,217 - movie_logger - INFO - 28,클라우스
2022-03-03 15:14:59,248 - movie_logger - INFO - 29,클라우스
2022-03-03 15:14:59,277 - movie_logger - INFO - 30,클라우스
2022-03-03 15:14:59,411 - movie_logger - INFO - 다음 페이지 클릭
2022-03-03 15:14:59,445 - movie_logger - INFO - 31,클라우스
2022-03-03 15:14:59,473 - movie_logger - INFO - 32,클라우스
2022-03-03 15:14:59,500 - movie_logger - INFO - 33,클라우스
2022-03-03 15:14:59,529 - movie_logger - INFO - 34,클라우스
2022-03-03 15:14:59,558 - movie_logger - INFO - 35,클라우스
2022-03-03 15:14:59,589 - movie_logger - INFO - 36,클라우스
2022-03-03 15:14:59,617 - movie_logger - INFO - 37,클라우스
2022-03-03 15:14:59,645 - movie_logger - INFO - 38,클라우스
2022-03-03 15:14:59,674 - movie_logger - INFO - 39,클라우스
2022-03-03 15:14:59,704 - movie_logger - INFO - 40,클라우스
2022-03-03 15:14:59,837 - movie_logger - INFO - 다음 페이지 클릭
2022-03-03 15:14:59,871 - movie_logger - INFO - 41,클라우스
2022-03-03 15:14:59,899 - movie_logger - INFO - 42,클라우스
2022-03-03 15:14:59,929 - movie_logger - INFO - 43,클라우스
2022-03-03 15:14:59,958 - movie_logger - INFO - 44,클라우스
2022-03-03 15:14:59,988 - movie_logger - INFO - 45,클라우스
2022-03-03 15:15:00,018 - movie_logger - INFO - 46,클라우스
2022-03-03 15:15:00,048 - movie_logger - INFO - 47,클라우스
2022-03-03 15:15:00,077 - movie_logger - INFO - 48,클라우스
2022-03-03 15:15:00,107 - movie_logger - INFO - 49,클라우스
2022-03-03 15:15:00,137 - movie_logger - INFO - 50,클라우스
2022-03-03 15:15:00,270 - movie_logger - INFO - 다음 페이지 클릭
2022-03-03 15:15:00,304 - movie_logger - INFO - 51,클라우스
2022-03-03 15:15:00,337 - movie_logger - INFO - 52,클라우스
2022-03-03 15:15:00,366 - movie_logger - INFO - 53,클라우스
2022-03-03 15:15:00,395 - movie_logger - INFO - 54,클라우스
2022-03-03 15:15:00,426 - movie_logger - INFO - 55,클라우스
2022-03-03 15:15:00,456 - movie_logger - INFO - 56,클라우스
2022-03-03 15:15:00,485 - movie_logger - INFO - 57,클라우스
2022-03-03 15:15:00,515 - movie_logger - INFO - 58,클라우스
2022-03-03 15:15:00,545 - movie_logger - INFO - 59,클라우스
2022-03-03 15:15:00,579 - movie_logger - INFO - 60,클라우스
2022-03-03 15:15:00,722 - movie_logger - INFO - 다음 페이지 클릭
2022-03-03 15:15:00,767 - movie_logger - INFO - 61,클라우스
2022-03-03 15:15:00,797 - movie_logger - INFO - 62,클라우스
2022-03-03 15:15:00,827 - movie_logger - INFO - 63,클라우스
2022-03-03 15:15:00,857 - movie_logger - INFO - 64,클라우스
2022-03-03 15:15:00,888 - movie_logger - INFO - 65,클라우스
2022-03-03 15:15:00,919 - movie_logger - INFO - 66,클라우스
2022-03-03 15:15:00,950 - movie_logger - INFO - 67,클라우스
2022-03-03 15:15:00,979 - movie_logger - INFO - 68,클라우스
2022-03-03 15:15:01,010 - movie_logger - INFO - 69,클라우스
2022-03-03 15:15:01,041 - movie_logger - INFO - 70,클라우스
2022-03-03 15:15:01,164 - movie_logger - INFO - 다음 페이지 클릭
2022-03-03 15:15:01,205 - movie_logger - INFO - 71,클라우스
2022-03-03 15:15:01,236 - movie_logger - INFO - 72,클라우스
2022-03-03 15:15:01,266 - movie_logger - INFO - 73,클라우스
2022-03-03 15:15:01,298 - movie_logger - INFO - 74,클라우스
2022-03-03 15:15:01,327 - movie_logger - INFO - 75,클라우스
2022-03-03 15:15:01,357 - movie_logger - INFO - 76,클라우스
2022-03-03 15:15:01,387 - movie_logger - INFO - 77,클라우스
2022-03-03 15:15:01,418 - movie_logger - INFO - 78,클라우스
2022-03-03 15:15:01,449 - movie_logger - INFO - 79,클라우스
2022-03-03 15:15:01,483 - movie_logger - INFO - 80,클라우스
2022-03-03 15:15:01,620 - movie_logger - INFO - 다음 페이지 클릭
2022-03-03 15:15:01,654 - movie_logger - INFO - 81,클라우스
2022-03-03 15:15:01,688 - movie_logger - INFO - 82,클라우스
2022-03-03 15:15:01,720 - movie_logger - INFO - 83,클라우스
2022-03-03 15:15:01,751 - movie_logger - INFO - 84,클라우스
2022-03-03 15:15:01,782 - movie_logger - INFO - 85,클라우스
2022-03-03 15:15:01,813 - movie_logger - INFO - 86,클라우스
2022-03-03 15:15:01,846 - movie_logger - INFO - 87,클라우스
2022-03-03 15:15:01,877 - movie_logger - INFO - 88,클라우스
2022-03-03 15:15:01,906 - movie_logger - INFO - 89,클라우스
2022-03-03 15:15:01,938 - movie_logger - INFO - 90,클라우스
2022-03-03 15:15:02,075 - movie_logger - INFO - 다음 페이지 클릭
2022-03-03 15:15:02,111 - movie_logger - INFO - 91,클라우스
2022-03-03 15:15:02,143 - movie_logger - INFO - 92,클라우스
2022-03-03 15:15:02,176 - movie_logger - INFO - 93,클라우스
2022-03-03 15:15:02,206 - movie_logger - INFO - 94,클라우스
2022-03-03 15:15:02,234 - movie_logger - INFO - 95,클라우스
2022-03-03 15:15:02,266 - movie_logger - INFO - 96,클라우스
2022-03-03 15:15:02,299 - movie_logger - INFO - 97,클라우스
2022-03-03 15:15:02,332 - movie_logger - INFO - 98,클라우스
2022-03-03 15:15:02,363 - movie_logger - INFO - 99,클라우스
2022-03-03 15:15:02,395 - movie_logger - INFO - 100,클라우스
2022-03-03 15:15:02,528 - movie_logger - INFO - 다음 페이지 클릭
2022-03-03 15:15:02,564 - movie_logger - INFO - 101,클라우스
2022-03-03 15:15:02,596 - movie_logger - INFO - 102,클라우스
2022-03-03 15:15:02,628 - movie_logger - INFO - 103,클라우스
2022-03-03 15:15:02,662 - movie_logger - INFO - 104,클라우스
2022-03-03 15:15:02,695 - movie_logger - INFO - 105,클라우스
2022-03-03 15:15:02,727 - movie_logger - INFO - 106,클라우스
2022-03-03 15:15:02,759 - movie_logger - INFO - 107,클라우스
2022-03-03 15:15:02,788 - movie_logger - INFO - 108,클라우스
2022-03-03 15:15:02,820 - movie_logger - INFO - 109,클라우스
2022-03-03 15:15:02,854 - movie_logger - INFO - 110,클라우스
2022-03-03 15:15:03,007 - movie_logger - INFO - 다음 페이지 클릭
2022-03-03 15:15:03,045 - movie_logger - INFO - 111,클라우스
2022-03-03 15:15:03,077 - movie_logger - INFO - 112,클라우스
2022-03-03 15:15:03,108 - movie_logger - INFO - 113,클라우스
2022-03-03 15:15:03,141 - movie_logger - INFO - 114,클라우스
2022-03-03 15:15:03,173 - movie_logger - INFO - 115,클라우스
2022-03-03 15:15:03,205 - movie_logger - INFO - 116,클라우스
2022-03-03 15:15:03,238 - movie_logger - INFO - 117,클라우스
2022-03-03 15:15:03,272 - movie_logger - INFO - 118,클라우스
2022-03-03 15:15:03,305 - movie_logger - INFO - 119,클라우스
2022-03-03 15:15:03,337 - movie_logger - INFO - 120,클라우스
2022-03-03 15:15:03,471 - movie_logger - INFO - 다음 페이지 클릭
2022-03-03 15:15:03,516 - movie_logger - INFO - 121,클라우스
2022-03-03 15:15:03,551 - movie_logger - INFO - 122,클라우스
2022-03-03 15:15:03,583 - movie_logger - INFO - 123,클라우스
2022-03-03 15:15:03,616 - movie_logger - INFO - 124,클라우스
2022-03-03 15:15:03,647 - movie_logger - INFO - 125,클라우스
2022-03-03 15:15:03,680 - movie_logger - INFO - 126,클라우스
2022-03-03 15:15:03,711 - movie_logger - INFO - 127,클라우스
2022-03-03 15:15:03,743 - movie_logger - INFO - 128,클라우스
2022-03-03 15:15:03,775 - movie_logger - INFO - 129,클라우스
2022-03-03 15:15:03,809 - movie_logger - INFO - 130,클라우스
2022-03-03 15:15:03,939 - movie_logger - INFO - 다음 페이지 클릭
2022-03-03 15:15:03,977 - movie_logger - INFO - 131,클라우스
2022-03-03 15:15:04,010 - movie_logger - INFO - 132,클라우스
2022-03-03 15:15:04,040 - movie_logger - INFO - 133,클라우스
2022-03-03 15:15:04,072 - movie_logger - INFO - 134,클라우스
2022-03-03 15:15:04,105 - movie_logger - INFO - 135,클라우스
2022-03-03 15:15:04,136 - movie_logger - INFO - 136,클라우스
2022-03-03 15:15:04,168 - movie_logger - INFO - 137,클라우스
2022-03-03 15:15:04,200 - movie_logger - INFO - 138,클라우스
2022-03-03 15:15:04,233 - movie_logger - INFO - 139,클라우스
2022-03-03 15:15:04,267 - movie_logger - INFO - 140,클라우스
2022-03-03 15:15:04,405 - movie_logger - INFO - 다음 페이지 클릭
2022-03-03 15:15:04,443 - movie_logger - INFO - 141,클라우스
2022-03-03 15:15:04,479 - movie_logger - INFO - 142,클라우스
2022-03-03 15:15:04,512 - movie_logger - INFO - 143,클라우스
2022-03-03 15:15:04,545 - movie_logger - INFO - 144,클라우스
2022-03-03 15:15:04,580 - movie_logger - INFO - 145,클라우스
2022-03-03 15:15:04,611 - movie_logger - INFO - 146,클라우스
2022-03-03 15:15:04,644 - movie_logger - INFO - 147,클라우스
2022-03-03 15:15:04,677 - movie_logger - INFO - 148,클라우스
2022-03-03 15:15:04,711 - movie_logger - INFO - 149,클라우스
2022-03-03 15:15:04,745 - movie_logger - INFO - 150,클라우스
2022-03-03 15:15:04,894 - movie_logger - INFO - 다음 페이지 클릭
2022-03-03 15:15:04,935 - movie_logger - INFO - 151,클라우스
2022-03-03 15:15:04,969 - movie_logger - INFO - 152,클라우스
2022-03-03 15:15:05,003 - movie_logger - INFO - 153,클라우스
2022-03-03 15:15:05,036 - movie_logger - INFO - 154,클라우스
2022-03-03 15:15:05,069 - movie_logger - INFO - 155,클라우스
2022-03-03 15:15:05,103 - movie_logger - INFO - 156,클라우스
2022-03-03 15:15:05,137 - movie_logger - INFO - 157,클라우스
2022-03-03 15:15:05,171 - movie_logger - INFO - 158,클라우스
2022-03-03 15:15:05,206 - movie_logger - INFO - 159,클라우스
2022-03-03 15:15:05,240 - movie_logger - INFO - 160,클라우스
2022-03-03 15:15:05,370 - movie_logger - INFO - 다음 페이지 클릭
2022-03-03 15:15:05,410 - movie_logger - INFO - 161,클라우스
2022-03-03 15:15:05,445 - movie_logger - INFO - 162,클라우스
2022-03-03 15:15:05,481 - movie_logger - INFO - 163,클라우스
2022-03-03 15:15:05,515 - movie_logger - INFO - 164,클라우스
2022-03-03 15:15:05,549 - movie_logger - INFO - 165,클라우스
2022-03-03 15:15:05,582 - movie_logger - INFO - 166,클라우스
2022-03-03 15:15:05,616 - movie_logger - INFO - 167,클라우스
2022-03-03 15:15:05,651 - movie_logger - INFO - 168,클라우스
2022-03-03 15:15:05,685 - movie_logger - INFO - 169,클라우스
2022-03-03 15:15:05,722 - movie_logger - INFO - 170,클라우스
2022-03-03 15:15:05,854 - movie_logger - INFO - 다음 페이지 클릭
2022-03-03 15:15:05,893 - movie_logger - INFO - 171,클라우스
2022-03-03 15:15:05,928 - movie_logger - INFO - 172,클라우스
2022-03-03 15:15:05,961 - movie_logger - INFO - 173,클라우스
2022-03-03 15:15:05,994 - movie_logger - INFO - 174,클라우스
2022-03-03 15:15:06,031 - movie_logger - INFO - 175,클라우스
2022-03-03 15:15:06,065 - movie_logger - INFO - 176,클라우스
2022-03-03 15:15:06,098 - movie_logger - INFO - 177,클라우스
2022-03-03 15:15:06,132 - movie_logger - INFO - 178,클라우스
2022-03-03 15:15:06,166 - movie_logger - INFO - 179,클라우스
2022-03-03 15:15:06,200 - movie_logger - INFO - 180,클라우스
2022-03-03 15:15:06,338 - movie_logger - INFO - 다음 페이지 클릭
2022-03-03 15:15:06,380 - movie_logger - INFO - 181,클라우스
2022-03-03 15:15:06,413 - movie_logger - INFO - 182,클라우스
2022-03-03 15:15:06,448 - movie_logger - INFO - 183,클라우스
2022-03-03 15:15:06,483 - movie_logger - INFO - 184,클라우스
2022-03-03 15:15:06,516 - movie_logger - INFO - 185,클라우스
2022-03-03 15:15:06,547 - movie_logger - INFO - 186,클라우스
2022-03-03 15:15:06,581 - movie_logger - INFO - 187,클라우스
2022-03-03 15:15:06,618 - movie_logger - INFO - 188,클라우스
2022-03-03 15:15:06,657 - movie_logger - INFO - 189,클라우스
2022-03-03 15:15:06,691 - movie_logger - INFO - 190,클라우스
2022-03-03 15:15:06,822 - movie_logger - INFO - 다음 페이지 클릭
2022-03-03 15:15:06,864 - movie_logger - INFO - 191,클라우스
2022-03-03 15:15:06,901 - movie_logger - INFO - 192,클라우스
2022-03-03 15:15:06,936 - movie_logger - INFO - 193,클라우스
2022-03-03 15:15:06,971 - movie_logger - INFO - 194,클라우스
2022-03-03 15:15:07,006 - movie_logger - INFO - 195,클라우스
2022-03-03 15:15:07,040 - movie_logger - INFO - 196,클라우스
2022-03-03 15:15:07,073 - movie_logger - INFO - 197,클라우스
2022-03-03 15:15:07,109 - movie_logger - INFO - 198,클라우스
2022-03-03 15:15:07,143 - movie_logger - INFO - 199,클라우스
2022-03-03 15:15:07,177 - movie_logger - INFO - 200,클라우스
2022-03-03 15:15:07,312 - movie_logger - INFO - 다음 페이지 클릭
2022-03-03 15:15:07,353 - movie_logger - INFO - 201,클라우스
2022-03-03 15:15:07,387 - movie_logger - INFO - 202,클라우스
2022-03-03 15:15:07,423 - movie_logger - INFO - 203,클라우스
2022-03-03 15:15:07,459 - movie_logger - INFO - 204,클라우스
2022-03-03 15:15:07,493 - movie_logger - INFO - 205,클라우스
2022-03-03 15:15:07,528 - movie_logger - INFO - 206,클라우스
2022-03-03 15:15:07,565 - movie_logger - INFO - 207,클라우스
2022-03-03 15:15:07,601 - movie_logger - INFO - 208,클라우스
2022-03-03 15:15:07,636 - movie_logger - INFO - 209,클라우스
2022-03-03 15:15:07,672 - movie_logger - INFO - 210,클라우스
2022-03-03 15:15:07,804 - movie_logger - INFO - 다음 페이지 클릭
2022-03-03 15:15:07,847 - movie_logger - INFO - 211,클라우스
2022-03-03 15:15:07,888 - movie_logger - INFO - 212,클라우스
2022-03-03 15:15:07,922 - movie_logger - INFO - 213,클라우스
2022-03-03 15:15:07,956 - movie_logger - INFO - 214,클라우스
2022-03-03 15:15:07,991 - movie_logger - INFO - 215,클라우스
2022-03-03 15:15:08,026 - movie_logger - INFO - 216,클라우스
2022-03-03 15:15:08,063 - movie_logger - INFO - 217,클라우스
2022-03-03 15:15:08,100 - movie_logger - INFO - 218,클라우스
2022-03-03 15:15:08,138 - movie_logger - INFO - 219,클라우스
2022-03-03 15:15:08,176 - movie_logger - INFO - 220,클라우스
2022-03-03 15:15:08,304 - movie_logger - INFO - 다음 페이지 클릭
2022-03-03 15:15:08,346 - movie_logger - INFO - 221,클라우스
2022-03-03 15:15:08,392 - movie_logger - INFO - 222,클라우스
2022-03-03 15:15:08,443 - movie_logger - INFO - 223,클라우스
2022-03-03 15:15:08,484 - movie_logger - INFO - 224,클라우스
2022-03-03 15:15:08,519 - movie_logger - INFO - 225,클라우스
2022-03-03 15:15:08,555 - movie_logger - INFO - 226,클라우스
2022-03-03 15:15:08,590 - movie_logger - INFO - 227,클라우스
2022-03-03 15:15:08,626 - movie_logger - INFO - 228,클라우스
2022-03-03 15:15:08,661 - movie_logger - INFO - 229,클라우스
2022-03-03 15:15:08,696 - movie_logger - INFO - 230,클라우스
2022-03-03 15:15:08,827 - movie_logger - INFO - 다음 페이지 클릭
2022-03-03 15:15:08,868 - movie_logger - INFO - 231,클라우스
2022-03-03 15:15:08,906 - movie_logger - INFO - 232,클라우스
2022-03-03 15:15:08,943 - movie_logger - INFO - 233,클라우스
2022-03-03 15:15:08,981 - movie_logger - INFO - 234,클라우스
2022-03-03 15:15:09,017 - movie_logger - INFO - 235,클라우스
2022-03-03 15:15:09,051 - movie_logger - INFO - 236,클라우스
2022-03-03 15:15:09,089 - movie_logger - INFO - 237,클라우스
2022-03-03 15:15:09,126 - movie_logger - INFO - 238,클라우스
2022-03-03 15:15:09,162 - movie_logger - INFO - 239,클라우스
2022-03-03 15:15:09,200 - movie_logger - INFO - 240,클라우스
2022-03-03 15:15:09,336 - movie_logger - INFO - 다음 페이지 클릭
2022-03-03 15:15:09,379 - movie_logger - INFO - 241,클라우스
2022-03-03 15:15:09,415 - movie_logger - INFO - 242,클라우스
2022-03-03 15:15:09,450 - movie_logger - INFO - 243,클라우스
2022-03-03 15:15:09,487 - movie_logger - INFO - 244,클라우스
2022-03-03 15:15:09,524 - movie_logger - INFO - 245,클라우스
2022-03-03 15:15:09,560 - movie_logger - INFO - 246,클라우스
2022-03-03 15:15:09,596 - movie_logger - INFO - 247,클라우스
2022-03-03 15:15:09,634 - movie_logger - INFO - 248,클라우스
2022-03-03 15:15:09,670 - movie_logger - INFO - 249,클라우스
2022-03-03 15:15:09,708 - movie_logger - INFO - 250,클라우스
2022-03-03 15:15:09,833 - movie_logger - INFO - 다음 페이지 클릭
2022-03-03 15:15:09,875 - movie_logger - INFO - 251,클라우스
2022-03-03 15:15:09,913 - movie_logger - INFO - 252,클라우스
2022-03-03 15:15:09,951 - movie_logger - INFO - 253,클라우스
2022-03-03 15:15:09,989 - movie_logger - INFO - 254,클라우스
2022-03-03 15:15:10,025 - movie_logger - INFO - 255,클라우스
2022-03-03 15:15:10,063 - movie_logger - INFO - 256,클라우스
2022-03-03 15:15:10,100 - movie_logger - INFO - 257,클라우스
2022-03-03 15:15:10,142 - movie_logger - INFO - 258,클라우스
2022-03-03 15:15:10,179 - movie_logger - INFO - 259,클라우스
2022-03-03 15:15:10,215 - movie_logger - INFO - 260,클라우스
2022-03-03 15:15:10,346 - movie_logger - INFO - 다음 페이지 클릭
2022-03-03 15:15:10,389 - movie_logger - INFO - 261,클라우스
2022-03-03 15:15:10,426 - movie_logger - INFO - 262,클라우스
2022-03-03 15:15:10,462 - movie_logger - INFO - 263,클라우스
2022-03-03 15:15:10,499 - movie_logger - INFO - 264,클라우스
2022-03-03 15:15:10,535 - movie_logger - INFO - 265,클라우스
2022-03-03 15:15:10,572 - movie_logger - INFO - 266,클라우스
2022-03-03 15:15:10,611 - movie_logger - INFO - 267,클라우스
2022-03-03 15:15:10,649 - movie_logger - INFO - 268,클라우스
2022-03-03 15:15:10,686 - movie_logger - INFO - 269,클라우스
2022-03-03 15:15:10,724 - movie_logger - INFO - 270,클라우스
2022-03-03 15:15:10,853 - movie_logger - INFO - 다음 페이지 클릭
2022-03-03 15:15:10,900 - movie_logger - INFO - 271,클라우스
2022-03-03 15:15:10,937 - movie_logger - INFO - 272,클라우스
2022-03-03 15:15:10,975 - movie_logger - INFO - 273,클라우스
2022-03-03 15:15:11,011 - movie_logger - INFO - 274,클라우스
2022-03-03 15:15:11,048 - movie_logger - INFO - 275,클라우스
2022-03-03 15:15:11,085 - movie_logger - INFO - 276,클라우스
2022-03-03 15:15:11,122 - movie_logger - INFO - 277,클라우스
2022-03-03 15:15:11,160 - movie_logger - INFO - 278,클라우스
2022-03-03 15:15:11,202 - movie_logger - INFO - 279,클라우스
2022-03-03 15:15:11,241 - movie_logger - INFO - 280,클라우스
2022-03-03 15:15:11,373 - movie_logger - INFO - 다음 페이지 클릭
2022-03-03 15:15:11,417 - movie_logger - INFO - 281,클라우스
2022-03-03 15:15:11,456 - movie_logger - INFO - 282,클라우스
2022-03-03 15:15:11,494 - movie_logger - INFO - 283,클라우스
2022-03-03 15:15:11,532 - movie_logger - INFO - 284,클라우스
2022-03-03 15:15:11,568 - movie_logger - INFO - 285,클라우스
2022-03-03 15:15:11,607 - movie_logger - INFO - 286,클라우스
2022-03-03 15:15:11,645 - movie_logger - INFO - 287,클라우스
2022-03-03 15:15:11,685 - movie_logger - INFO - 288,클라우스
2022-03-03 15:15:11,724 - movie_logger - INFO - 289,클라우스
2022-03-03 15:15:11,761 - movie_logger - INFO - 290,클라우스
2022-03-03 15:15:11,892 - movie_logger - INFO - 다음 페이지 클릭
2022-03-03 15:15:11,937 - movie_logger - INFO - 291,클라우스
2022-03-03 15:15:11,975 - movie_logger - INFO - 292,클라우스
2022-03-03 15:15:12,013 - movie_logger - INFO - 293,클라우스
2022-03-03 15:15:12,051 - movie_logger - INFO - 294,클라우스
2022-03-03 15:15:12,089 - movie_logger - INFO - 295,클라우스
2022-03-03 15:15:12,127 - movie_logger - INFO - 296,클라우스
2022-03-03 15:15:12,166 - movie_logger - INFO - 297,클라우스
2022-03-03 15:15:12,205 - movie_logger - INFO - 298,클라우스
2022-03-03 15:15:12,245 - movie_logger - INFO - 299,클라우스
2022-03-03 15:15:12,284 - movie_logger - INFO - 300,클라우스
2022-03-03 15:15:12,430 - movie_logger - INFO - 다음 페이지 클릭
2022-03-03 15:15:12,475 - movie_logger - INFO - 301,클라우스
2022-03-03 15:15:12,513 - movie_logger - INFO - 302,클라우스
2022-03-03 15:15:12,553 - movie_logger - INFO - 303,클라우스
2022-03-03 15:15:12,591 - movie_logger - INFO - 304,클라우스
2022-03-03 15:15:12,630 - movie_logger - INFO - 305,클라우스
2022-03-03 15:15:12,668 - movie_logger - INFO - 306,클라우스
2022-03-03 15:15:12,672 - movie_logger - ERROR - 클라우스 수집완료 ...
2022-03-03 15:15:12,836 - movie_logger - INFO - 네이버 영화 랭킹 1페이지 이동 실행...
2022-03-03 15:15:12,855 - movie_logger - INFO - 2-장민호 드라마 최종회 영화 제목 클릭... :
2022-03-03 15:15:13,536 - movie_logger - INFO - 영화 평점 클릭...
2022-03-03 15:15:13,556 - movie_logger - INFO - 영화 제목 수집 : 장민호 드라마 최종회
2022-03-03 15:15:13,589 - movie_logger - INFO - iframe으로 전환
2022-03-03 15:15:13,651 - movie_logger - INFO - 1,장민호 드라마 최종회
2022-03-03 15:15:13,690 - movie_logger - INFO - 2,장민호 드라마 최종회
2022-03-03 15:15:13,728 - movie_logger - INFO - 3,장민호 드라마 최종회
2022-03-03 15:15:13,771 - movie_logger - INFO - 4,장민호 드라마 최종회
2022-03-03 15:15:13,810 - movie_logger - INFO - 5,장민호 드라마 최종회
2022-03-03 15:15:13,848 - movie_logger - INFO - 6,장민호 드라마 최종회
2022-03-03 15:15:13,887 - movie_logger - INFO - 7,장민호 드라마 최종회
2022-03-03 15:15:13,927 - movie_logger - INFO - 8,장민호 드라마 최종회
2022-03-03 15:15:13,966 - movie_logger - INFO - 9,장민호 드라마 최종회
2022-03-03 15:15:14,004 - movie_logger - INFO - 10,장민호 드라마 최종회
2022-03-03 15:15:14,130 - movie_logger - INFO - 다음 페이지 클릭
2022-03-03 15:15:14,176 - movie_logger - INFO - 11,장민호 드라마 최종회
2022-03-03 15:15:14,216 - movie_logger - INFO - 12,장민호 드라마 최종회
2022-03-03 15:15:14,257 - movie_logger - INFO - 13,장민호 드라마 최종회
2022-03-03 15:15:14,295 - movie_logger - INFO - 14,장민호 드라마 최종회
2022-03-03 15:15:14,339 - movie_logger - INFO - 15,장민호 드라마 최종회
2022-03-03 15:15:14,379 - movie_logger - INFO - 16,장민호 드라마 최종회
2022-03-03 15:15:14,419 - movie_logger - INFO - 17,장민호 드라마 최종회
2022-03-03 15:15:14,457 - movie_logger - INFO - 18,장민호 드라마 최종회
2022-03-03 15:15:14,499 - movie_logger - INFO - 19,장민호 드라마 최종회
2022-03-03 15:15:14,541 - movie_logger - INFO - 20,장민호 드라마 최종회
2022-03-03 15:15:14,680 - movie_logger - INFO - 다음 페이지 클릭
2022-03-03 15:15:14,722 - movie_logger - INFO - 21,장민호 드라마 최종회
2022-03-03 15:15:14,760 - movie_logger - INFO - 22,장민호 드라마 최종회
2022-03-03 15:15:14,797 - movie_logger - INFO - 23,장민호 드라마 최종회
2022-03-03 15:15:14,834 - movie_logger - INFO - 24,장민호 드라마 최종회
2022-03-03 15:15:14,871 - movie_logger - INFO - 25,장민호 드라마 최종회
2022-03-03 15:15:14,909 - movie_logger - INFO - 26,장민호 드라마 최종회
2022-03-03 15:15:14,947 - movie_logger - INFO - 27,장민호 드라마 최종회
2022-03-03 15:15:14,994 - movie_logger - INFO - 28,장민호 드라마 최종회
2022-03-03 15:15:15,034 - movie_logger - INFO - 29,장민호 드라마 최종회
2022-03-03 15:15:15,073 - movie_logger - INFO - 30,장민호 드라마 최종회
2022-03-03 15:15:15,211 - movie_logger - INFO - 다음 페이지 클릭
2022-03-03 15:15:15,257 - movie_logger - INFO - 31,장민호 드라마 최종회
2022-03-03 15:15:15,296 - movie_logger - INFO - 32,장민호 드라마 최종회
2022-03-03 15:15:15,399 - movie_logger - INFO - 33,장민호 드라마 최종회
2022-03-03 15:15:15,442 - movie_logger - INFO - 34,장민호 드라마 최종회
2022-03-03 15:15:15,480 - movie_logger - INFO - 35,장민호 드라마 최종회
2022-03-03 15:15:15,521 - movie_logger - INFO - 36,장민호 드라마 최종회
2022-03-03 15:15:15,583 - movie_logger - INFO - 37,장민호 드라마 최종회
2022-03-03 15:15:15,638 - movie_logger - INFO - 38,장민호 드라마 최종회
2022-03-03 15:15:15,679 - movie_logger - INFO - 39,장민호 드라마 최종회
2022-03-03 15:15:15,722 - movie_logger - INFO - 40,장민호 드라마 최종회
2022-03-03 15:15:15,856 - movie_logger - INFO - 다음 페이지 클릭
